Config file /home/grig0076/miniconda3/envs/hecatomb/snakemake/workflow/../config/config.yaml is extended by additional config specified via the command line.
Config file /home/grig0076/miniconda3/envs/hecatomb/snakemake/workflow/../config/dbFiles.yaml is extended by additional config specified via the command line.
Building DAG of jobs...
Using shell: /usr/bin/bash
Provided cores: 8
Rules claiming more threads will be scaled down.
Job stats:
job                 count    min threads    max threads
----------------  -------  -------------  -------------
all                     1              1              1
download_db_file       70              1              1
total                  71              1              1

Select jobs to execute...

[Thu Jan 19 14:47:31 2023]
rule download_db_file:
    output: /home/grig0076/miniconda3/envs/hecatomb/snakemake/workflow/../../databases/contaminants/truseq.fa
    jobid: 4
    reason: Missing output files: /home/grig0076/miniconda3/envs/hecatomb/snakemake/workflow/../../databases/contaminants/truseq.fa
    wildcards: file=contaminants/truseq.fa
    resources: tmpdir=/tmp

[Thu Jan 19 14:47:31 2023]
rule download_db_file:
    output: /home/grig0076/miniconda3/envs/hecatomb/snakemake/workflow/../../databases/nt/virus_secondary_nt/sequenceDB.source
    jobid: 60
    reason: Missing output files: /home/grig0076/miniconda3/envs/hecatomb/snakemake/workflow/../../databases/nt/virus_secondary_nt/sequenceDB.source
    wildcards: file=nt/virus_secondary_nt/sequenceDB.source
    resources: tmpdir=/tmp

[Thu Jan 19 14:47:31 2023]
rule download_db_file:
    output: /home/grig0076/miniconda3/envs/hecatomb/snakemake/workflow/../../databases/host/human/masked_ref.fa.gz
    jobid: 38
    reason: Missing output files: /home/grig0076/miniconda3/envs/hecatomb/snakemake/workflow/../../databases/host/human/masked_ref.fa.gz
    wildcards: file=host/human/masked_ref.fa.gz
    resources: tmpdir=/tmp

[Thu Jan 19 14:47:31 2023]
rule download_db_file:
    output: /home/grig0076/miniconda3/envs/hecatomb/snakemake/workflow/../../databases/aa/virus_secondary_aa/sequenceDB.source
    jobid: 31
    reason: Missing output files: /home/grig0076/miniconda3/envs/hecatomb/snakemake/workflow/../../databases/aa/virus_secondary_aa/sequenceDB.source
    wildcards: file=aa/virus_secondary_aa/sequenceDB.source
    resources: tmpdir=/tmp

[Thu Jan 19 14:47:31 2023]
rule download_db_file:
    output: /home/grig0076/miniconda3/envs/hecatomb/snakemake/workflow/../../databases/aa/virus_secondary_aa/sequenceDB_h.index
    jobid: 24
    reason: Missing output files: /home/grig0076/miniconda3/envs/hecatomb/snakemake/workflow/../../databases/aa/virus_secondary_aa/sequenceDB_h.index
    wildcards: file=aa/virus_secondary_aa/sequenceDB_h.index
    resources: tmpdir=/tmp

[Thu Jan 19 14:47:31 2023]
rule download_db_file:
    output: /home/grig0076/miniconda3/envs/hecatomb/snakemake/workflow/../../databases/aa/virus_primary_aa/sequenceDB_nodes.dmp
    jobid: 17
    reason: Missing output files: /home/grig0076/miniconda3/envs/hecatomb/snakemake/workflow/../../databases/aa/virus_primary_aa/sequenceDB_nodes.dmp
    wildcards: file=aa/virus_primary_aa/sequenceDB_nodes.dmp
    resources: tmpdir=/tmp

[Thu Jan 19 14:47:31 2023]
rule download_db_file:
    output: /home/grig0076/miniconda3/envs/hecatomb/snakemake/workflow/../../databases/tax/taxonomy/gc.prt
    jobid: 66
    reason: Missing output files: /home/grig0076/miniconda3/envs/hecatomb/snakemake/workflow/../../databases/tax/taxonomy/gc.prt
    wildcards: file=tax/taxonomy/gc.prt
    resources: tmpdir=/tmp

[Thu Jan 19 14:47:31 2023]
rule download_db_file:
    output: /home/grig0076/miniconda3/envs/hecatomb/snakemake/workflow/../../databases/aa/virus_primary_aa/sequenceDB_h.index
    jobid: 11
    reason: Missing output files: /home/grig0076/miniconda3/envs/hecatomb/snakemake/workflow/../../databases/aa/virus_primary_aa/sequenceDB_h.index
    wildcards: file=aa/virus_primary_aa/sequenceDB_h.index
    resources: tmpdir=/tmp

[Thu Jan 19 14:47:33 2023]
Finished job 31.
1 of 71 steps (1%) done
Select jobs to execute...

[Thu Jan 19 14:47:33 2023]
rule download_db_file:
    output: /home/grig0076/miniconda3/envs/hecatomb/snakemake/workflow/../../databases/nt/virus_secondary_nt/sequenceDB.index
    jobid: 58
    reason: Missing output files: /home/grig0076/miniconda3/envs/hecatomb/snakemake/workflow/../../databases/nt/virus_secondary_nt/sequenceDB.index
    wildcards: file=nt/virus_secondary_nt/sequenceDB.index
    resources: tmpdir=/tmp

[Thu Jan 19 14:47:33 2023]
Finished job 60.
2 of 71 steps (3%) done
[Thu Jan 19 14:47:33 2023]
Finished job 66.
3 of 71 steps (4%) done
Select jobs to execute...

[Thu Jan 19 14:47:33 2023]
rule download_db_file:
    output: /home/grig0076/miniconda3/envs/hecatomb/snakemake/workflow/../../databases/host/macaque/masked_ref.fa.gz
    jobid: 39
    reason: Missing output files: /home/grig0076/miniconda3/envs/hecatomb/snakemake/workflow/../../databases/host/macaque/masked_ref.fa.gz
    wildcards: file=host/macaque/masked_ref.fa.gz
    resources: tmpdir=/tmp

[Thu Jan 19 14:47:33 2023]
rule download_db_file:
    output: /home/grig0076/miniconda3/envs/hecatomb/snakemake/workflow/../../databases/host/virus_shred.fasta.gz
    jobid: 44
    reason: Missing output files: /home/grig0076/miniconda3/envs/hecatomb/snakemake/workflow/../../databases/host/virus_shred.fasta.gz
    wildcards: file=host/virus_shred.fasta.gz
    resources: tmpdir=/tmp

[Thu Jan 19 14:47:33 2023]
Finished job 4.
4 of 71 steps (6%) done
Select jobs to execute...

[Thu Jan 19 14:47:33 2023]
rule download_db_file:
    output: /home/grig0076/miniconda3/envs/hecatomb/snakemake/workflow/../../databases/contaminants/primerB.fa
    jobid: 2
    reason: Missing output files: /home/grig0076/miniconda3/envs/hecatomb/snakemake/workflow/../../databases/contaminants/primerB.fa
    wildcards: file=contaminants/primerB.fa
    resources: tmpdir=/tmp

Select jobs to execute...
[Thu Jan 19 14:47:35 2023]
Finished job 2.
5 of 71 steps (7%) done

[Thu Jan 19 14:47:36 2023]
rule download_db_file:
    output: /home/grig0076/miniconda3/envs/hecatomb/snakemake/workflow/../../databases/tax/taxonomy/delnodes.dmp
    jobid: 64
    reason: Missing output files: /home/grig0076/miniconda3/envs/hecatomb/snakemake/workflow/../../databases/tax/taxonomy/delnodes.dmp
    wildcards: file=tax/taxonomy/delnodes.dmp
    resources: tmpdir=/tmp

[Thu Jan 19 14:47:37 2023]
Finished job 11.
6 of 71 steps (8%) done
Select jobs to execute...

[Thu Jan 19 14:47:37 2023]
rule download_db_file:
    output: /home/grig0076/miniconda3/envs/hecatomb/snakemake/workflow/../../databases/nt/virus_primary_nt/sequenceDB.lookup
    jobid: 51
    reason: Missing output files: /home/grig0076/miniconda3/envs/hecatomb/snakemake/workflow/../../databases/nt/virus_primary_nt/sequenceDB.lookup
    wildcards: file=nt/virus_primary_nt/sequenceDB.lookup
    resources: tmpdir=/tmp

[Thu Jan 19 14:47:40 2023]
Finished job 64.
7 of 71 steps (10%) done
Select jobs to execute...

[Thu Jan 19 14:47:40 2023]
rule download_db_file:
    output: /home/grig0076/miniconda3/envs/hecatomb/snakemake/workflow/../../databases/aa/virus_primary_aa/sequenceDB
    jobid: 6
    reason: Missing output files: /home/grig0076/miniconda3/envs/hecatomb/snakemake/workflow/../../databases/aa/virus_primary_aa/sequenceDB
    wildcards: file=aa/virus_primary_aa/sequenceDB
    resources: tmpdir=/tmp

[Thu Jan 19 14:47:40 2023]
Finished job 58.
8 of 71 steps (11%) done
Select jobs to execute...

[Thu Jan 19 14:47:40 2023]
rule download_db_file:
    output: /home/grig0076/miniconda3/envs/hecatomb/snakemake/workflow/../../databases/host/dog/masked_ref.fa.gz
    jobid: 37
    reason: Missing output files: /home/grig0076/miniconda3/envs/hecatomb/snakemake/workflow/../../databases/host/dog/masked_ref.fa.gz
    wildcards: file=host/dog/masked_ref.fa.gz
    resources: tmpdir=/tmp

[Thu Jan 19 14:47:44 2023]
Finished job 51.
9 of 71 steps (13%) done
Select jobs to execute...

[Thu Jan 19 14:47:44 2023]
rule download_db_file:
    output: /home/grig0076/miniconda3/envs/hecatomb/snakemake/workflow/../../databases/aa/virus_primary_aa/sequenceDB_merged.dmp
    jobid: 15
    reason: Missing output files: /home/grig0076/miniconda3/envs/hecatomb/snakemake/workflow/../../databases/aa/virus_primary_aa/sequenceDB_merged.dmp
    wildcards: file=aa/virus_primary_aa/sequenceDB_merged.dmp
    resources: tmpdir=/tmp

[Thu Jan 19 14:47:47 2023]
Finished job 15.
10 of 71 steps (14%) done
Select jobs to execute...

[Thu Jan 19 14:47:47 2023]
rule download_db_file:
    output: /home/grig0076/miniconda3/envs/hecatomb/snakemake/workflow/../../databases/aa/virus_secondary_aa/sequenceDB_nodes.dmp
    jobid: 30
    reason: Missing output files: /home/grig0076/miniconda3/envs/hecatomb/snakemake/workflow/../../databases/aa/virus_secondary_aa/sequenceDB_nodes.dmp
    wildcards: file=aa/virus_secondary_aa/sequenceDB_nodes.dmp
    resources: tmpdir=/tmp

[Thu Jan 19 14:48:00 2023]
Finished job 17.
11 of 71 steps (15%) done
Select jobs to execute...

[Thu Jan 19 14:48:00 2023]
rule download_db_file:
    output: /home/grig0076/miniconda3/envs/hecatomb/snakemake/workflow/../../databases/aa/virus_secondary_aa/sequenceDB_h
    jobid: 22
    reason: Missing output files: /home/grig0076/miniconda3/envs/hecatomb/snakemake/workflow/../../databases/aa/virus_secondary_aa/sequenceDB_h
    wildcards: file=aa/virus_secondary_aa/sequenceDB_h
    resources: tmpdir=/tmp

[Thu Jan 19 14:48:09 2023]
Finished job 30.
12 of 71 steps (17%) done
Select jobs to execute...

[Thu Jan 19 14:48:09 2023]
rule download_db_file:
    output: /home/grig0076/miniconda3/envs/hecatomb/snakemake/workflow/../../databases/aa/virus_secondary_aa/sequenceDB_h.dbtype
    jobid: 23
    reason: Missing output files: /home/grig0076/miniconda3/envs/hecatomb/snakemake/workflow/../../databases/aa/virus_secondary_aa/sequenceDB_h.dbtype
    wildcards: file=aa/virus_secondary_aa/sequenceDB_h.dbtype
    resources: tmpdir=/tmp

[Thu Jan 19 14:48:11 2023]
Finished job 23.
13 of 71 steps (18%) done
Select jobs to execute...

[Thu Jan 19 14:48:12 2023]
rule download_db_file:
    output: /home/grig0076/miniconda3/envs/hecatomb/snakemake/workflow/../../databases/aa/virus_secondary_aa/sequenceDB_names.dmp
    jobid: 29
    reason: Missing output files: /home/grig0076/miniconda3/envs/hecatomb/snakemake/workflow/../../databases/aa/virus_secondary_aa/sequenceDB_names.dmp
    wildcards: file=aa/virus_secondary_aa/sequenceDB_names.dmp
    resources: tmpdir=/tmp

[Thu Jan 19 14:48:12 2023]
Finished job 44.
14 of 71 steps (20%) done
Select jobs to execute...

[Thu Jan 19 14:48:12 2023]
rule download_db_file:
    output: /home/grig0076/miniconda3/envs/hecatomb/snakemake/workflow/../../databases/aa/virus_primary_aa/sequenceDB_names.dmp
    jobid: 16
    reason: Missing output files: /home/grig0076/miniconda3/envs/hecatomb/snakemake/workflow/../../databases/aa/virus_primary_aa/sequenceDB_names.dmp
    wildcards: file=aa/virus_primary_aa/sequenceDB_names.dmp
    resources: tmpdir=/tmp

[Thu Jan 19 14:48:19 2023]
Finished job 6.
15 of 71 steps (21%) done
Select jobs to execute...

[Thu Jan 19 14:48:19 2023]
rule download_db_file:
    output: /home/grig0076/miniconda3/envs/hecatomb/snakemake/workflow/../../databases/contaminants/vector_contaminants.fa
    jobid: 5
    reason: Missing output files: /home/grig0076/miniconda3/envs/hecatomb/snakemake/workflow/../../databases/contaminants/vector_contaminants.fa
    wildcards: file=contaminants/vector_contaminants.fa
    resources: tmpdir=/tmp

[Thu Jan 19 14:48:22 2023]
Finished job 5.
16 of 71 steps (23%) done
Select jobs to execute...

[Thu Jan 19 14:48:22 2023]
rule download_db_file:
    output: /home/grig0076/miniconda3/envs/hecatomb/snakemake/workflow/../../databases/tables/2020_07_27_Viral_classification_table_ICTV2019.txt
    jobid: 61
    reason: Missing output files: /home/grig0076/miniconda3/envs/hecatomb/snakemake/workflow/../../databases/tables/2020_07_27_Viral_classification_table_ICTV2019.txt
    wildcards: file=tables/2020_07_27_Viral_classification_table_ICTV2019.txt
    resources: tmpdir=/tmp

[Thu Jan 19 14:48:24 2023]
Finished job 61.
17 of 71 steps (24%) done
Select jobs to execute...

[Thu Jan 19 14:48:24 2023]
rule download_db_file:
    output: /home/grig0076/miniconda3/envs/hecatomb/snakemake/workflow/../../databases/tax/taxonomy/division.dmp
    jobid: 65
    reason: Missing output files: /home/grig0076/miniconda3/envs/hecatomb/snakemake/workflow/../../databases/tax/taxonomy/division.dmp
    wildcards: file=tax/taxonomy/division.dmp
    resources: tmpdir=/tmp

[Thu Jan 19 14:48:26 2023]
Finished job 65.
18 of 71 steps (25%) done
Select jobs to execute...

[Thu Jan 19 14:48:26 2023]
rule download_db_file:
    output: /home/grig0076/miniconda3/envs/hecatomb/snakemake/workflow/../../databases/contaminants/rc_primerB_ad6.fa
    jobid: 3
    reason: Missing output files: /home/grig0076/miniconda3/envs/hecatomb/snakemake/workflow/../../databases/contaminants/rc_primerB_ad6.fa
    wildcards: file=contaminants/rc_primerB_ad6.fa
    resources: tmpdir=/tmp

[Thu Jan 19 14:48:29 2023]
Finished job 3.
19 of 71 steps (27%) done
Select jobs to execute...

[Thu Jan 19 14:48:29 2023]
rule download_db_file:
    output: /home/grig0076/miniconda3/envs/hecatomb/snakemake/workflow/../../databases/aa/virus_primary_aa/sequenceDB.index
    jobid: 12
    reason: Missing output files: /home/grig0076/miniconda3/envs/hecatomb/snakemake/workflow/../../databases/aa/virus_primary_aa/sequenceDB.index
    wildcards: file=aa/virus_primary_aa/sequenceDB.index
    resources: tmpdir=/tmp

[Thu Jan 19 14:48:31 2023]
Finished job 16.
20 of 71 steps (28%) done
Select jobs to execute...

[Thu Jan 19 14:48:31 2023]
rule download_db_file:
    output: /home/grig0076/miniconda3/envs/hecatomb/snakemake/workflow/../../databases/nt/virus_secondary_nt/sequenceDB.lookup
    jobid: 59
    reason: Missing output files: /home/grig0076/miniconda3/envs/hecatomb/snakemake/workflow/../../databases/nt/virus_secondary_nt/sequenceDB.lookup
    wildcards: file=nt/virus_secondary_nt/sequenceDB.lookup
    resources: tmpdir=/tmp

[Thu Jan 19 14:48:36 2023]
Finished job 12.
21 of 71 steps (30%) done
Select jobs to execute...

[Thu Jan 19 14:48:36 2023]
rule download_db_file:
    output: /home/grig0076/miniconda3/envs/hecatomb/snakemake/workflow/../../databases/host/cow/masked_ref.fa.gz
    jobid: 36
    reason: Missing output files: /home/grig0076/miniconda3/envs/hecatomb/snakemake/workflow/../../databases/host/cow/masked_ref.fa.gz
    wildcards: file=host/cow/masked_ref.fa.gz
    resources: tmpdir=/tmp

[Thu Jan 19 14:48:38 2023]
Finished job 59.
22 of 71 steps (31%) done
Select jobs to execute...

[Thu Jan 19 14:48:38 2023]
rule download_db_file:
    output: /home/grig0076/miniconda3/envs/hecatomb/snakemake/workflow/../../databases/nt/virus_primary_nt/sequenceDB.source
    jobid: 52
    reason: Missing output files: /home/grig0076/miniconda3/envs/hecatomb/snakemake/workflow/../../databases/nt/virus_primary_nt/sequenceDB.source
    wildcards: file=nt/virus_primary_nt/sequenceDB.source
    resources: tmpdir=/tmp

[Thu Jan 19 14:48:40 2023]
Finished job 52.
23 of 71 steps (32%) done
Select jobs to execute...

[Thu Jan 19 14:48:40 2023]
rule download_db_file:
    output: /home/grig0076/miniconda3/envs/hecatomb/snakemake/workflow/../../databases/host/tick/masked_ref.fa.gz
    jobid: 43
    reason: Missing output files: /home/grig0076/miniconda3/envs/hecatomb/snakemake/workflow/../../databases/host/tick/masked_ref.fa.gz
    wildcards: file=host/tick/masked_ref.fa.gz
    resources: tmpdir=/tmp

[Thu Jan 19 14:48:43 2023]
Finished job 29.
24 of 71 steps (34%) done
Select jobs to execute...

[Thu Jan 19 14:48:43 2023]
rule download_db_file:
    output: /home/grig0076/miniconda3/envs/hecatomb/snakemake/workflow/../../databases/nt/virus_primary_nt/sequenceDB
    jobid: 45
    reason: Missing output files: /home/grig0076/miniconda3/envs/hecatomb/snakemake/workflow/../../databases/nt/virus_primary_nt/sequenceDB
    wildcards: file=nt/virus_primary_nt/sequenceDB
    resources: tmpdir=/tmp

[Thu Jan 19 14:49:34 2023]
Finished job 37.
25 of 71 steps (35%) done
Select jobs to execute...

[Thu Jan 19 14:49:34 2023]
rule download_db_file:
    output: /home/grig0076/miniconda3/envs/hecatomb/snakemake/workflow/../../databases/nt/virus_primary_nt/sequenceDB.index
    jobid: 50
    reason: Missing output files: /home/grig0076/miniconda3/envs/hecatomb/snakemake/workflow/../../databases/nt/virus_primary_nt/sequenceDB.index
    wildcards: file=nt/virus_primary_nt/sequenceDB.index
    resources: tmpdir=/tmp

[Thu Jan 19 14:49:40 2023]
Finished job 50.
26 of 71 steps (37%) done
Select jobs to execute...

[Thu Jan 19 14:49:40 2023]
rule download_db_file:
    output: /home/grig0076/miniconda3/envs/hecatomb/snakemake/workflow/../../databases/nt/virus_secondary_nt/sequenceDB
    jobid: 53
    reason: Missing output files: /home/grig0076/miniconda3/envs/hecatomb/snakemake/workflow/../../databases/nt/virus_secondary_nt/sequenceDB
    wildcards: file=nt/virus_secondary_nt/sequenceDB
    resources: tmpdir=/tmp

[Thu Jan 19 14:49:46 2023]
Finished job 39.
27 of 71 steps (38%) done
Select jobs to execute...

[Thu Jan 19 14:49:46 2023]
rule download_db_file:
    output: /home/grig0076/miniconda3/envs/hecatomb/snakemake/workflow/../../databases/nt/virus_secondary_nt/sequenceDB_h.index
    jobid: 57
    reason: Missing output files: /home/grig0076/miniconda3/envs/hecatomb/snakemake/workflow/../../databases/nt/virus_secondary_nt/sequenceDB_h.index
    wildcards: file=nt/virus_secondary_nt/sequenceDB_h.index
    resources: tmpdir=/tmp

[Thu Jan 19 14:49:47 2023]
Finished job 36.
28 of 71 steps (39%) done
Select jobs to execute...

[Thu Jan 19 14:49:47 2023]
rule download_db_file:
    output: /home/grig0076/miniconda3/envs/hecatomb/snakemake/workflow/../../databases/nt/virus_primary_nt/sequenceDB.dbtype
    jobid: 46
    reason: Missing output files: /home/grig0076/miniconda3/envs/hecatomb/snakemake/workflow/../../databases/nt/virus_primary_nt/sequenceDB.dbtype
    wildcards: file=nt/virus_primary_nt/sequenceDB.dbtype
    resources: tmpdir=/tmp

[Thu Jan 19 14:49:49 2023]
Finished job 46.
29 of 71 steps (41%) done
Select jobs to execute...

[Thu Jan 19 14:49:49 2023]
rule download_db_file:
    output: /home/grig0076/miniconda3/envs/hecatomb/snakemake/workflow/../../databases/tax/taxonomy/citations.dmp
    jobid: 63
    reason: Missing output files: /home/grig0076/miniconda3/envs/hecatomb/snakemake/workflow/../../databases/tax/taxonomy/citations.dmp
    wildcards: file=tax/taxonomy/citations.dmp
    resources: tmpdir=/tmp

[Thu Jan 19 14:49:52 2023]
Finished job 57.
30 of 71 steps (42%) done
Select jobs to execute...

[Thu Jan 19 14:49:52 2023]
rule download_db_file:
    output: /home/grig0076/miniconda3/envs/hecatomb/snakemake/workflow/../../databases/host/bat/masked_ref.fa.gz
    jobid: 32
    reason: Missing output files: /home/grig0076/miniconda3/envs/hecatomb/snakemake/workflow/../../databases/host/bat/masked_ref.fa.gz
    wildcards: file=host/bat/masked_ref.fa.gz
    resources: tmpdir=/tmp

[Thu Jan 19 14:49:54 2023]
Finished job 63.
31 of 71 steps (44%) done
Select jobs to execute...

[Thu Jan 19 14:49:54 2023]
rule download_db_file:
    output: /home/grig0076/miniconda3/envs/hecatomb/snakemake/workflow/../../databases/aa/virus_primary_aa/sequenceDB_delnodes.dmp
    jobid: 8
    reason: Missing output files: /home/grig0076/miniconda3/envs/hecatomb/snakemake/workflow/../../databases/aa/virus_primary_aa/sequenceDB_delnodes.dmp
    wildcards: file=aa/virus_primary_aa/sequenceDB_delnodes.dmp
    resources: tmpdir=/tmp

[Thu Jan 19 14:49:57 2023]
Finished job 8.
32 of 71 steps (45%) done
Select jobs to execute...

[Thu Jan 19 14:49:57 2023]
rule download_db_file:
    output: /home/grig0076/miniconda3/envs/hecatomb/snakemake/workflow/../../databases/tax/taxonomy/merged.dmp
    jobid: 68
    reason: Missing output files: /home/grig0076/miniconda3/envs/hecatomb/snakemake/workflow/../../databases/tax/taxonomy/merged.dmp
    wildcards: file=tax/taxonomy/merged.dmp
    resources: tmpdir=/tmp

[Thu Jan 19 14:50:01 2023]
Finished job 68.
33 of 71 steps (46%) done
Select jobs to execute...

[Thu Jan 19 14:50:01 2023]
rule download_db_file:
    output: /home/grig0076/miniconda3/envs/hecatomb/snakemake/workflow/../../databases/contaminants/nebnext_adapters.fa
    jobid: 1
    reason: Missing output files: /home/grig0076/miniconda3/envs/hecatomb/snakemake/workflow/../../databases/contaminants/nebnext_adapters.fa
    wildcards: file=contaminants/nebnext_adapters.fa
    resources: tmpdir=/tmp

[Thu Jan 19 14:50:03 2023]
Finished job 1.
34 of 71 steps (48%) done
Select jobs to execute...

[Thu Jan 19 14:50:03 2023]
rule download_db_file:
    output: /home/grig0076/miniconda3/envs/hecatomb/snakemake/workflow/../../databases/nt/virus_secondary_nt/sequenceDB_h
    jobid: 55
    reason: Missing output files: /home/grig0076/miniconda3/envs/hecatomb/snakemake/workflow/../../databases/nt/virus_secondary_nt/sequenceDB_h
    wildcards: file=nt/virus_secondary_nt/sequenceDB_h
    resources: tmpdir=/tmp

[Thu Jan 19 14:50:26 2023]
Finished job 55.
35 of 71 steps (49%) done
Select jobs to execute...

[Thu Jan 19 14:50:26 2023]
rule download_db_file:
    output: /home/grig0076/miniconda3/envs/hecatomb/snakemake/workflow/../../databases/nt/virus_primary_nt/sequenceDB_h.dbtype
    jobid: 48
    reason: Missing output files: /home/grig0076/miniconda3/envs/hecatomb/snakemake/workflow/../../databases/nt/virus_primary_nt/sequenceDB_h.dbtype
    wildcards: file=nt/virus_primary_nt/sequenceDB_h.dbtype
    resources: tmpdir=/tmp

[Thu Jan 19 14:50:29 2023]
Finished job 48.
36 of 71 steps (51%) done
Select jobs to execute...

[Thu Jan 19 14:50:29 2023]
rule download_db_file:
    output: /home/grig0076/miniconda3/envs/hecatomb/snakemake/workflow/../../databases/host/mouse/masked_ref.fa.gz
    jobid: 41
    reason: Missing output files: /home/grig0076/miniconda3/envs/hecatomb/snakemake/workflow/../../databases/host/mouse/masked_ref.fa.gz
    wildcards: file=host/mouse/masked_ref.fa.gz
    resources: tmpdir=/tmp

[Thu Jan 19 14:50:30 2023]
Finished job 24.
37 of 71 steps (52%) done
Select jobs to execute...

[Thu Jan 19 14:50:30 2023]
rule download_db_file:
    output: /home/grig0076/miniconda3/envs/hecatomb/snakemake/workflow/../../databases/host/cat/masked_ref.fa.gz
    jobid: 34
    reason: Missing output files: /home/grig0076/miniconda3/envs/hecatomb/snakemake/workflow/../../databases/host/cat/masked_ref.fa.gz
    wildcards: file=host/cat/masked_ref.fa.gz
    resources: tmpdir=/tmp

[Thu Jan 19 14:50:39 2023]
Finished job 32.
38 of 71 steps (54%) done
Select jobs to execute...

[Thu Jan 19 14:50:39 2023]
rule download_db_file:
    output: /home/grig0076/miniconda3/envs/hecatomb/snakemake/workflow/../../databases/aa/virus_secondary_aa/sequenceDB_mapping
    jobid: 27
    reason: Missing output files: /home/grig0076/miniconda3/envs/hecatomb/snakemake/workflow/../../databases/aa/virus_secondary_aa/sequenceDB_mapping
    wildcards: file=aa/virus_secondary_aa/sequenceDB_mapping
    resources: tmpdir=/tmp

[Thu Jan 19 14:50:46 2023]
Finished job 38.
39 of 71 steps (55%) done
Select jobs to execute...

[Thu Jan 19 14:50:46 2023]
rule download_db_file:
    output: /home/grig0076/miniconda3/envs/hecatomb/snakemake/workflow/../../databases/aa/virus_secondary_aa/sequenceDB.dbtype
    jobid: 20
    reason: Missing output files: /home/grig0076/miniconda3/envs/hecatomb/snakemake/workflow/../../databases/aa/virus_secondary_aa/sequenceDB.dbtype
    wildcards: file=aa/virus_secondary_aa/sequenceDB.dbtype
    resources: tmpdir=/tmp

[Thu Jan 19 14:50:48 2023]
Finished job 20.
40 of 71 steps (56%) done
Select jobs to execute...

[Thu Jan 19 14:50:48 2023]
rule download_db_file:
    output: /home/grig0076/miniconda3/envs/hecatomb/snakemake/workflow/../../databases/aa/virus_primary_aa/sequenceDB_h
    jobid: 9
    reason: Missing output files: /home/grig0076/miniconda3/envs/hecatomb/snakemake/workflow/../../databases/aa/virus_primary_aa/sequenceDB_h
    wildcards: file=aa/virus_primary_aa/sequenceDB_h
    resources: tmpdir=/tmp

[Thu Jan 19 14:51:03 2023]
Finished job 9.
41 of 71 steps (58%) done
Select jobs to execute...

[Thu Jan 19 14:51:03 2023]
rule download_db_file:
    output: /home/grig0076/miniconda3/envs/hecatomb/snakemake/workflow/../../databases/tax/taxonomy/names.dmp
    jobid: 69
    reason: Missing output files: /home/grig0076/miniconda3/envs/hecatomb/snakemake/workflow/../../databases/tax/taxonomy/names.dmp
    wildcards: file=tax/taxonomy/names.dmp
    resources: tmpdir=/tmp

[Thu Jan 19 14:51:11 2023]
Finished job 43.
42 of 71 steps (59%) done
Select jobs to execute...

[Thu Jan 19 14:51:11 2023]
rule download_db_file:
    output: /home/grig0076/miniconda3/envs/hecatomb/snakemake/workflow/../../databases/tables/phage_taxonomic_lineages_12102020.txt
    jobid: 62
    reason: Missing output files: /home/grig0076/miniconda3/envs/hecatomb/snakemake/workflow/../../databases/tables/phage_taxonomic_lineages_12102020.txt
    wildcards: file=tables/phage_taxonomic_lineages_12102020.txt
    resources: tmpdir=/tmp

[Thu Jan 19 14:51:13 2023]
Finished job 62.
43 of 71 steps (61%) done
Select jobs to execute...

[Thu Jan 19 14:51:13 2023]
rule download_db_file:
    output: /home/grig0076/miniconda3/envs/hecatomb/snakemake/workflow/../../databases/aa/virus_primary_aa/sequenceDB_mapping
    jobid: 14
    reason: Missing output files: /home/grig0076/miniconda3/envs/hecatomb/snakemake/workflow/../../databases/aa/virus_primary_aa/sequenceDB_mapping
    wildcards: file=aa/virus_primary_aa/sequenceDB_mapping
    resources: tmpdir=/tmp

[Thu Jan 19 14:51:18 2023]
Finished job 14.
44 of 71 steps (62%) done
Select jobs to execute...

[Thu Jan 19 14:51:18 2023]
rule download_db_file:
    output: /home/grig0076/miniconda3/envs/hecatomb/snakemake/workflow/../../databases/nt/virus_secondary_nt/sequenceDB_h.dbtype
    jobid: 56
    reason: Missing output files: /home/grig0076/miniconda3/envs/hecatomb/snakemake/workflow/../../databases/nt/virus_secondary_nt/sequenceDB_h.dbtype
    wildcards: file=nt/virus_secondary_nt/sequenceDB_h.dbtype
    resources: tmpdir=/tmp

[Thu Jan 19 14:51:20 2023]
Finished job 56.
45 of 71 steps (63%) done
Select jobs to execute...

[Thu Jan 19 14:51:20 2023]
rule download_db_file:
    output: /home/grig0076/miniconda3/envs/hecatomb/snakemake/workflow/../../databases/host/celegans/masked_ref.fa.gz
    jobid: 35
    reason: Missing output files: /home/grig0076/miniconda3/envs/hecatomb/snakemake/workflow/../../databases/host/celegans/masked_ref.fa.gz
    wildcards: file=host/celegans/masked_ref.fa.gz
    resources: tmpdir=/tmp

[Thu Jan 19 14:51:26 2023]
Finished job 35.
46 of 71 steps (65%) done
Select jobs to execute...

[Thu Jan 19 14:51:26 2023]
rule download_db_file:
    output: /home/grig0076/miniconda3/envs/hecatomb/snakemake/workflow/../../databases/host/camel/masked_ref.fa.gz
    jobid: 33
    reason: Missing output files: /home/grig0076/miniconda3/envs/hecatomb/snakemake/workflow/../../databases/host/camel/masked_ref.fa.gz
    wildcards: file=host/camel/masked_ref.fa.gz
    resources: tmpdir=/tmp

[Thu Jan 19 14:51:27 2023]
Finished job 27.
47 of 71 steps (66%) done
Select jobs to execute...

[Thu Jan 19 14:51:27 2023]
rule download_db_file:
    output: /home/grig0076/miniconda3/envs/hecatomb/snakemake/workflow/../../databases/aa/virus_secondary_aa/sequenceDB_merged.dmp
    jobid: 28
    reason: Missing output files: /home/grig0076/miniconda3/envs/hecatomb/snakemake/workflow/../../databases/aa/virus_secondary_aa/sequenceDB_merged.dmp
    wildcards: file=aa/virus_secondary_aa/sequenceDB_merged.dmp
    resources: tmpdir=/tmp

[Thu Jan 19 14:51:29 2023]
Finished job 69.
48 of 71 steps (68%) done
Select jobs to execute...

[Thu Jan 19 14:51:29 2023]
rule download_db_file:
    output: /home/grig0076/miniconda3/envs/hecatomb/snakemake/workflow/../../databases/tax/taxonomy/gencode.dmp
    jobid: 67
    reason: Missing output files: /home/grig0076/miniconda3/envs/hecatomb/snakemake/workflow/../../databases/tax/taxonomy/gencode.dmp
    wildcards: file=tax/taxonomy/gencode.dmp
    resources: tmpdir=/tmp

[Thu Jan 19 14:51:30 2023]
Finished job 28.
49 of 71 steps (69%) done
Select jobs to execute...

[Thu Jan 19 14:51:30 2023]
rule download_db_file:
    output: /home/grig0076/miniconda3/envs/hecatomb/snakemake/workflow/../../databases/nt/virus_secondary_nt/sequenceDB.dbtype
    jobid: 54
    reason: Missing output files: /home/grig0076/miniconda3/envs/hecatomb/snakemake/workflow/../../databases/nt/virus_secondary_nt/sequenceDB.dbtype
    wildcards: file=nt/virus_secondary_nt/sequenceDB.dbtype
    resources: tmpdir=/tmp

[Thu Jan 19 14:51:32 2023]
Finished job 67.
50 of 71 steps (70%) done
Select jobs to execute...

[Thu Jan 19 14:51:32 2023]
rule download_db_file:
    output: /home/grig0076/miniconda3/envs/hecatomb/snakemake/workflow/../../databases/nt/virus_primary_nt/sequenceDB_h
    jobid: 47
    reason: Missing output files: /home/grig0076/miniconda3/envs/hecatomb/snakemake/workflow/../../databases/nt/virus_primary_nt/sequenceDB_h
    wildcards: file=nt/virus_primary_nt/sequenceDB_h
    resources: tmpdir=/tmp

[Thu Jan 19 14:51:32 2023]
Finished job 54.
51 of 71 steps (72%) done
Select jobs to execute...

[Thu Jan 19 14:51:32 2023]
rule download_db_file:
    output: /home/grig0076/miniconda3/envs/hecatomb/snakemake/workflow/../../databases/host/mosquito/masked_ref.fa.gz
    jobid: 40
    reason: Missing output files: /home/grig0076/miniconda3/envs/hecatomb/snakemake/workflow/../../databases/host/mosquito/masked_ref.fa.gz
    wildcards: file=host/mosquito/masked_ref.fa.gz
    resources: tmpdir=/tmp

[Thu Jan 19 14:52:13 2023]
Finished job 33.
52 of 71 steps (73%) done
Select jobs to execute...

[Thu Jan 19 14:52:13 2023]
rule download_db_file:
    output: /home/grig0076/miniconda3/envs/hecatomb/snakemake/workflow/../../databases/nt/virus_primary_nt/sequenceDB_h.index
    jobid: 49
    reason: Missing output files: /home/grig0076/miniconda3/envs/hecatomb/snakemake/workflow/../../databases/nt/virus_primary_nt/sequenceDB_h.index
    wildcards: file=nt/virus_primary_nt/sequenceDB_h.index
    resources: tmpdir=/tmp

[Thu Jan 19 14:52:20 2023]
Finished job 49.
53 of 71 steps (75%) done
Select jobs to execute...

[Thu Jan 19 14:52:20 2023]
rule download_db_file:
    output: /home/grig0076/miniconda3/envs/hecatomb/snakemake/workflow/../../databases/aa/virus_secondary_aa/sequenceDB.lookup
    jobid: 26
    reason: Missing output files: /home/grig0076/miniconda3/envs/hecatomb/snakemake/workflow/../../databases/aa/virus_secondary_aa/sequenceDB.lookup
    wildcards: file=aa/virus_secondary_aa/sequenceDB.lookup
    resources: tmpdir=/tmp

[Thu Jan 19 14:52:22 2023]
Finished job 47.
54 of 71 steps (76%) done
Select jobs to execute...

[Thu Jan 19 14:52:22 2023]
rule download_db_file:
    output: /home/grig0076/miniconda3/envs/hecatomb/snakemake/workflow/../../databases/host/rat/masked_ref.fa.gz
    jobid: 42
    reason: Missing output files: /home/grig0076/miniconda3/envs/hecatomb/snakemake/workflow/../../databases/host/rat/masked_ref.fa.gz
    wildcards: file=host/rat/masked_ref.fa.gz
    resources: tmpdir=/tmp

[Thu Jan 19 14:52:27 2023]
Finished job 40.
55 of 71 steps (77%) done
Select jobs to execute...

[Thu Jan 19 14:52:27 2023]
rule download_db_file:
    output: /home/grig0076/miniconda3/envs/hecatomb/snakemake/workflow/../../databases/aa/virus_primary_aa/sequenceDB.dbtype
    jobid: 7
    reason: Missing output files: /home/grig0076/miniconda3/envs/hecatomb/snakemake/workflow/../../databases/aa/virus_primary_aa/sequenceDB.dbtype
    wildcards: file=aa/virus_primary_aa/sequenceDB.dbtype
    resources: tmpdir=/tmp

[Thu Jan 19 14:52:29 2023]
Finished job 7.
56 of 71 steps (79%) done
Select jobs to execute...

[Thu Jan 19 14:52:29 2023]
rule download_db_file:
    output: /home/grig0076/miniconda3/envs/hecatomb/snakemake/workflow/../../databases/aa/virus_primary_aa/sequenceDB.source
    jobid: 18
    reason: Missing output files: /home/grig0076/miniconda3/envs/hecatomb/snakemake/workflow/../../databases/aa/virus_primary_aa/sequenceDB.source
    wildcards: file=aa/virus_primary_aa/sequenceDB.source
    resources: tmpdir=/tmp

[Thu Jan 19 14:52:32 2023]
Finished job 18.
57 of 71 steps (80%) done
Select jobs to execute...

[Thu Jan 19 14:52:32 2023]
rule download_db_file:
    output: /home/grig0076/miniconda3/envs/hecatomb/snakemake/workflow/../../databases/aa/virus_secondary_aa/sequenceDB.index
    jobid: 25
    reason: Missing output files: /home/grig0076/miniconda3/envs/hecatomb/snakemake/workflow/../../databases/aa/virus_secondary_aa/sequenceDB.index
    wildcards: file=aa/virus_secondary_aa/sequenceDB.index
    resources: tmpdir=/tmp

[Thu Jan 19 14:53:07 2023]
Finished job 34.
58 of 71 steps (82%) done
Select jobs to execute...

[Thu Jan 19 14:53:07 2023]
rule download_db_file:
    output: /home/grig0076/miniconda3/envs/hecatomb/snakemake/workflow/../../databases/aa/virus_primary_aa/sequenceDB.lookup
    jobid: 13
    reason: Missing output files: /home/grig0076/miniconda3/envs/hecatomb/snakemake/workflow/../../databases/aa/virus_primary_aa/sequenceDB.lookup
    wildcards: file=aa/virus_primary_aa/sequenceDB.lookup
    resources: tmpdir=/tmp

[Thu Jan 19 14:53:12 2023]
Finished job 41.
59 of 71 steps (83%) done
Select jobs to execute...

[Thu Jan 19 14:53:12 2023]
rule download_db_file:
    output: /home/grig0076/miniconda3/envs/hecatomb/snakemake/workflow/../../databases/aa/virus_primary_aa/sequenceDB_h.dbtype
    jobid: 10
    reason: Missing output files: /home/grig0076/miniconda3/envs/hecatomb/snakemake/workflow/../../databases/aa/virus_primary_aa/sequenceDB_h.dbtype
    wildcards: file=aa/virus_primary_aa/sequenceDB_h.dbtype
    resources: tmpdir=/tmp

[Thu Jan 19 14:53:13 2023]
Finished job 13.
60 of 71 steps (85%) done
Select jobs to execute...

[Thu Jan 19 14:53:13 2023]
rule download_db_file:
    output: /home/grig0076/miniconda3/envs/hecatomb/snakemake/workflow/../../databases/tax/taxonomy/nodes.dmp
    jobid: 70
    reason: Missing output files: /home/grig0076/miniconda3/envs/hecatomb/snakemake/workflow/../../databases/tax/taxonomy/nodes.dmp
    wildcards: file=tax/taxonomy/nodes.dmp
    resources: tmpdir=/tmp

[Thu Jan 19 14:53:14 2023]
Finished job 10.
61 of 71 steps (86%) done
Select jobs to execute...

[Thu Jan 19 14:53:15 2023]
rule download_db_file:
    output: /home/grig0076/miniconda3/envs/hecatomb/snakemake/workflow/../../databases/aa/virus_secondary_aa/sequenceDB
    jobid: 19
    reason: Missing output files: /home/grig0076/miniconda3/envs/hecatomb/snakemake/workflow/../../databases/aa/virus_secondary_aa/sequenceDB
    wildcards: file=aa/virus_secondary_aa/sequenceDB
    resources: tmpdir=/tmp

[Thu Jan 19 14:53:31 2023]
Finished job 70.
62 of 71 steps (87%) done
Select jobs to execute...

[Thu Jan 19 14:53:31 2023]
rule download_db_file:
    output: /home/grig0076/miniconda3/envs/hecatomb/snakemake/workflow/../../databases/aa/virus_secondary_aa/sequenceDB_delnodes.dmp
    jobid: 21
    reason: Missing output files: /home/grig0076/miniconda3/envs/hecatomb/snakemake/workflow/../../databases/aa/virus_secondary_aa/sequenceDB_delnodes.dmp
    wildcards: file=aa/virus_secondary_aa/sequenceDB_delnodes.dmp
    resources: tmpdir=/tmp

[Thu Jan 19 14:53:34 2023]
Finished job 42.
63 of 71 steps (89%) done
[Thu Jan 19 14:53:34 2023]
Finished job 21.
64 of 71 steps (90%) done
[Thu Jan 19 14:54:13 2023]
Finished job 26.
65 of 71 steps (92%) done
[Thu Jan 19 14:54:41 2023]
Finished job 25.
66 of 71 steps (93%) done
[Thu Jan 19 14:57:34 2023]
Finished job 22.
67 of 71 steps (94%) done
[Thu Jan 19 14:57:54 2023]
Finished job 45.
68 of 71 steps (96%) done
[Thu Jan 19 15:09:32 2023]
Finished job 53.
69 of 71 steps (97%) done
[Thu Jan 19 15:11:13 2023]
Finished job 19.
70 of 71 steps (99%) done
Select jobs to execute...

[Thu Jan 19 15:11:13 2023]
localrule all:
    input: /home/grig0076/miniconda3/envs/hecatomb/snakemake/workflow/../../databases/contaminants/nebnext_adapters.fa, /home/grig0076/miniconda3/envs/hecatomb/snakemake/workflow/../../databases/contaminants/primerB.fa, /home/grig0076/miniconda3/envs/hecatomb/snakemake/workflow/../../databases/contaminants/rc_primerB_ad6.fa, /home/grig0076/miniconda3/envs/hecatomb/snakemake/workflow/../../databases/contaminants/truseq.fa, /home/grig0076/miniconda3/envs/hecatomb/snakemake/workflow/../../databases/contaminants/vector_contaminants.fa, /home/grig0076/miniconda3/envs/hecatomb/snakemake/workflow/../../databases/aa/virus_primary_aa/sequenceDB, /home/grig0076/miniconda3/envs/hecatomb/snakemake/workflow/../../databases/aa/virus_primary_aa/sequenceDB.dbtype, /home/grig0076/miniconda3/envs/hecatomb/snakemake/workflow/../../databases/aa/virus_primary_aa/sequenceDB_delnodes.dmp, /home/grig0076/miniconda3/envs/hecatomb/snakemake/workflow/../../databases/aa/virus_primary_aa/sequenceDB_h, /home/grig0076/miniconda3/envs/hecatomb/snakemake/workflow/../../databases/aa/virus_primary_aa/sequenceDB_h.dbtype, /home/grig0076/miniconda3/envs/hecatomb/snakemake/workflow/../../databases/aa/virus_primary_aa/sequenceDB_h.index, /home/grig0076/miniconda3/envs/hecatomb/snakemake/workflow/../../databases/aa/virus_primary_aa/sequenceDB.index, /home/grig0076/miniconda3/envs/hecatomb/snakemake/workflow/../../databases/aa/virus_primary_aa/sequenceDB.lookup, /home/grig0076/miniconda3/envs/hecatomb/snakemake/workflow/../../databases/aa/virus_primary_aa/sequenceDB_mapping, /home/grig0076/miniconda3/envs/hecatomb/snakemake/workflow/../../databases/aa/virus_primary_aa/sequenceDB_merged.dmp, /home/grig0076/miniconda3/envs/hecatomb/snakemake/workflow/../../databases/aa/virus_primary_aa/sequenceDB_names.dmp, /home/grig0076/miniconda3/envs/hecatomb/snakemake/workflow/../../databases/aa/virus_primary_aa/sequenceDB_nodes.dmp, /home/grig0076/miniconda3/envs/hecatomb/snakemake/workflow/../../databases/aa/virus_primary_aa/sequenceDB.source, /home/grig0076/miniconda3/envs/hecatomb/snakemake/workflow/../../databases/aa/virus_secondary_aa/sequenceDB, /home/grig0076/miniconda3/envs/hecatomb/snakemake/workflow/../../databases/aa/virus_secondary_aa/sequenceDB.dbtype, /home/grig0076/miniconda3/envs/hecatomb/snakemake/workflow/../../databases/aa/virus_secondary_aa/sequenceDB_delnodes.dmp, /home/grig0076/miniconda3/envs/hecatomb/snakemake/workflow/../../databases/aa/virus_secondary_aa/sequenceDB_h, /home/grig0076/miniconda3/envs/hecatomb/snakemake/workflow/../../databases/aa/virus_secondary_aa/sequenceDB_h.dbtype, /home/grig0076/miniconda3/envs/hecatomb/snakemake/workflow/../../databases/aa/virus_secondary_aa/sequenceDB_h.index, /home/grig0076/miniconda3/envs/hecatomb/snakemake/workflow/../../databases/aa/virus_secondary_aa/sequenceDB.index, /home/grig0076/miniconda3/envs/hecatomb/snakemake/workflow/../../databases/aa/virus_secondary_aa/sequenceDB.lookup, /home/grig0076/miniconda3/envs/hecatomb/snakemake/workflow/../../databases/aa/virus_secondary_aa/sequenceDB_mapping, /home/grig0076/miniconda3/envs/hecatomb/snakemake/workflow/../../databases/aa/virus_secondary_aa/sequenceDB_merged.dmp, /home/grig0076/miniconda3/envs/hecatomb/snakemake/workflow/../../databases/aa/virus_secondary_aa/sequenceDB_names.dmp, /home/grig0076/miniconda3/envs/hecatomb/snakemake/workflow/../../databases/aa/virus_secondary_aa/sequenceDB_nodes.dmp, /home/grig0076/miniconda3/envs/hecatomb/snakemake/workflow/../../databases/aa/virus_secondary_aa/sequenceDB.source, /home/grig0076/miniconda3/envs/hecatomb/snakemake/workflow/../../databases/host/bat/masked_ref.fa.gz, /home/grig0076/miniconda3/envs/hecatomb/snakemake/workflow/../../databases/host/camel/masked_ref.fa.gz, /home/grig0076/miniconda3/envs/hecatomb/snakemake/workflow/../../databases/host/cat/masked_ref.fa.gz, /home/grig0076/miniconda3/envs/hecatomb/snakemake/workflow/../../databases/host/celegans/masked_ref.fa.gz, /home/grig0076/miniconda3/envs/hecatomb/snakemake/workflow/../../databases/host/cow/masked_ref.fa.gz, /home/grig0076/miniconda3/envs/hecatomb/snakemake/workflow/../../databases/host/dog/masked_ref.fa.gz, /home/grig0076/miniconda3/envs/hecatomb/snakemake/workflow/../../databases/host/human/masked_ref.fa.gz, /home/grig0076/miniconda3/envs/hecatomb/snakemake/workflow/../../databases/host/macaque/masked_ref.fa.gz, /home/grig0076/miniconda3/envs/hecatomb/snakemake/workflow/../../databases/host/mosquito/masked_ref.fa.gz, /home/grig0076/miniconda3/envs/hecatomb/snakemake/workflow/../../databases/host/mouse/masked_ref.fa.gz, /home/grig0076/miniconda3/envs/hecatomb/snakemake/workflow/../../databases/host/rat/masked_ref.fa.gz, /home/grig0076/miniconda3/envs/hecatomb/snakemake/workflow/../../databases/host/tick/masked_ref.fa.gz, /home/grig0076/miniconda3/envs/hecatomb/snakemake/workflow/../../databases/host/virus_shred.fasta.gz, /home/grig0076/miniconda3/envs/hecatomb/snakemake/workflow/../../databases/nt/virus_primary_nt/sequenceDB, /home/grig0076/miniconda3/envs/hecatomb/snakemake/workflow/../../databases/nt/virus_primary_nt/sequenceDB.dbtype, /home/grig0076/miniconda3/envs/hecatomb/snakemake/workflow/../../databases/nt/virus_primary_nt/sequenceDB_h, /home/grig0076/miniconda3/envs/hecatomb/snakemake/workflow/../../databases/nt/virus_primary_nt/sequenceDB_h.dbtype, /home/grig0076/miniconda3/envs/hecatomb/snakemake/workflow/../../databases/nt/virus_primary_nt/sequenceDB_h.index, /home/grig0076/miniconda3/envs/hecatomb/snakemake/workflow/../../databases/nt/virus_primary_nt/sequenceDB.index, /home/grig0076/miniconda3/envs/hecatomb/snakemake/workflow/../../databases/nt/virus_primary_nt/sequenceDB.lookup, /home/grig0076/miniconda3/envs/hecatomb/snakemake/workflow/../../databases/nt/virus_primary_nt/sequenceDB.source, /home/grig0076/miniconda3/envs/hecatomb/snakemake/workflow/../../databases/nt/virus_secondary_nt/sequenceDB, /home/grig0076/miniconda3/envs/hecatomb/snakemake/workflow/../../databases/nt/virus_secondary_nt/sequenceDB.dbtype, /home/grig0076/miniconda3/envs/hecatomb/snakemake/workflow/../../databases/nt/virus_secondary_nt/sequenceDB_h, /home/grig0076/miniconda3/envs/hecatomb/snakemake/workflow/../../databases/nt/virus_secondary_nt/sequenceDB_h.dbtype, /home/grig0076/miniconda3/envs/hecatomb/snakemake/workflow/../../databases/nt/virus_secondary_nt/sequenceDB_h.index, /home/grig0076/miniconda3/envs/hecatomb/snakemake/workflow/../../databases/nt/virus_secondary_nt/sequenceDB.index, /home/grig0076/miniconda3/envs/hecatomb/snakemake/workflow/../../databases/nt/virus_secondary_nt/sequenceDB.lookup, /home/grig0076/miniconda3/envs/hecatomb/snakemake/workflow/../../databases/nt/virus_secondary_nt/sequenceDB.source, /home/grig0076/miniconda3/envs/hecatomb/snakemake/workflow/../../databases/tables/2020_07_27_Viral_classification_table_ICTV2019.txt, /home/grig0076/miniconda3/envs/hecatomb/snakemake/workflow/../../databases/tables/phage_taxonomic_lineages_12102020.txt, /home/grig0076/miniconda3/envs/hecatomb/snakemake/workflow/../../databases/tax/taxonomy/citations.dmp, /home/grig0076/miniconda3/envs/hecatomb/snakemake/workflow/../../databases/tax/taxonomy/delnodes.dmp, /home/grig0076/miniconda3/envs/hecatomb/snakemake/workflow/../../databases/tax/taxonomy/division.dmp, /home/grig0076/miniconda3/envs/hecatomb/snakemake/workflow/../../databases/tax/taxonomy/gc.prt, /home/grig0076/miniconda3/envs/hecatomb/snakemake/workflow/../../databases/tax/taxonomy/gencode.dmp, /home/grig0076/miniconda3/envs/hecatomb/snakemake/workflow/../../databases/tax/taxonomy/merged.dmp, /home/grig0076/miniconda3/envs/hecatomb/snakemake/workflow/../../databases/tax/taxonomy/names.dmp, /home/grig0076/miniconda3/envs/hecatomb/snakemake/workflow/../../databases/tax/taxonomy/nodes.dmp
    jobid: 0
    reason: Input files updated by another job: /home/grig0076/miniconda3/envs/hecatomb/snakemake/workflow/../../databases/contaminants/vector_contaminants.fa, /home/grig0076/miniconda3/envs/hecatomb/snakemake/workflow/../../databases/aa/virus_primary_aa/sequenceDB.source, /home/grig0076/miniconda3/envs/hecatomb/snakemake/workflow/../../databases/nt/virus_secondary_nt/sequenceDB_h, /home/grig0076/miniconda3/envs/hecatomb/snakemake/workflow/../../databases/aa/virus_primary_aa/sequenceDB_names.dmp, /home/grig0076/miniconda3/envs/hecatomb/snakemake/workflow/../../databases/aa/virus_secondary_aa/sequenceDB.dbtype, /home/grig0076/miniconda3/envs/hecatomb/snakemake/workflow/../../databases/aa/virus_secondary_aa/sequenceDB_merged.dmp, /home/grig0076/miniconda3/envs/hecatomb/snakemake/workflow/../../databases/nt/virus_primary_nt/sequenceDB_h.dbtype, /home/grig0076/miniconda3/envs/hecatomb/snakemake/workflow/../../databases/host/rat/masked_ref.fa.gz, /home/grig0076/miniconda3/envs/hecatomb/snakemake/workflow/../../databases/aa/virus_primary_aa/sequenceDB_h.index, /home/grig0076/miniconda3/envs/hecatomb/snakemake/workflow/../../databases/aa/virus_primary_aa/sequenceDB_mapping, /home/grig0076/miniconda3/envs/hecatomb/snakemake/workflow/../../databases/aa/virus_secondary_aa/sequenceDB_delnodes.dmp, /home/grig0076/miniconda3/envs/hecatomb/snakemake/workflow/../../databases/nt/virus_primary_nt/sequenceDB.dbtype, /home/grig0076/miniconda3/envs/hecatomb/snakemake/workflow/../../databases/nt/virus_primary_nt/sequenceDB.index, /home/grig0076/miniconda3/envs/hecatomb/snakemake/workflow/../../databases/aa/virus_secondary_aa/sequenceDB.source, /home/grig0076/miniconda3/envs/hecatomb/snakemake/workflow/../../databases/host/cat/masked_ref.fa.gz, /home/grig0076/miniconda3/envs/hecatomb/snakemake/workflow/../../databases/nt/virus_secondary_nt/sequenceDB, /home/grig0076/miniconda3/envs/hecatomb/snakemake/workflow/../../databases/host/macaque/masked_ref.fa.gz, /home/grig0076/miniconda3/envs/hecatomb/snakemake/workflow/../../databases/tax/taxonomy/merged.dmp, /home/grig0076/miniconda3/envs/hecatomb/snakemake/workflow/../../databases/nt/virus_primary_nt/sequenceDB, /home/grig0076/miniconda3/envs/hecatomb/snakemake/workflow/../../databases/aa/virus_primary_aa/sequenceDB.dbtype, /home/grig0076/miniconda3/envs/hecatomb/snakemake/workflow/../../databases/host/bat/masked_ref.fa.gz, /home/grig0076/miniconda3/envs/hecatomb/snakemake/workflow/../../databases/nt/virus_secondary_nt/sequenceDB.dbtype, /home/grig0076/miniconda3/envs/hecatomb/snakemake/workflow/../../databases/tax/taxonomy/gc.prt, /home/grig0076/miniconda3/envs/hecatomb/snakemake/workflow/../../databases/aa/virus_secondary_aa/sequenceDB, /home/grig0076/miniconda3/envs/hecatomb/snakemake/workflow/../../databases/host/tick/masked_ref.fa.gz, /home/grig0076/miniconda3/envs/hecatomb/snakemake/workflow/../../databases/aa/virus_primary_aa/sequenceDB_nodes.dmp, /home/grig0076/miniconda3/envs/hecatomb/snakemake/workflow/../../databases/contaminants/rc_primerB_ad6.fa, /home/grig0076/miniconda3/envs/hecatomb/snakemake/workflow/../../databases/host/cow/masked_ref.fa.gz, /home/grig0076/miniconda3/envs/hecatomb/snakemake/workflow/../../databases/tax/taxonomy/nodes.dmp, /home/grig0076/miniconda3/envs/hecatomb/snakemake/workflow/../../databases/tables/2020_07_27_Viral_classification_table_ICTV2019.txt, /home/grig0076/miniconda3/envs/hecatomb/snakemake/workflow/../../databases/aa/virus_primary_aa/sequenceDB_h, /home/grig0076/miniconda3/envs/hecatomb/snakemake/workflow/../../databases/aa/virus_primary_aa/sequenceDB_h.dbtype, /home/grig0076/miniconda3/envs/hecatomb/snakemake/workflow/../../databases/host/human/masked_ref.fa.gz, /home/grig0076/miniconda3/envs/hecatomb/snakemake/workflow/../../databases/aa/virus_primary_aa/sequenceDB_merged.dmp, /home/grig0076/miniconda3/envs/hecatomb/snakemake/workflow/../../databases/host/mosquito/masked_ref.fa.gz, /home/grig0076/miniconda3/envs/hecatomb/snakemake/workflow/../../databases/host/camel/masked_ref.fa.gz, /home/grig0076/miniconda3/envs/hecatomb/snakemake/workflow/../../databases/aa/virus_primary_aa/sequenceDB.index, /home/grig0076/miniconda3/envs/hecatomb/snakemake/workflow/../../databases/host/mouse/masked_ref.fa.gz, /home/grig0076/miniconda3/envs/hecatomb/snakemake/workflow/../../databases/host/virus_shred.fasta.gz, /home/grig0076/miniconda3/envs/hecatomb/snakemake/workflow/../../databases/aa/virus_secondary_aa/sequenceDB_mapping, /home/grig0076/miniconda3/envs/hecatomb/snakemake/workflow/../../databases/aa/virus_secondary_aa/sequenceDB_names.dmp, /home/grig0076/miniconda3/envs/hecatomb/snakemake/workflow/../../databases/tax/taxonomy/division.dmp, /home/grig0076/miniconda3/envs/hecatomb/snakemake/workflow/../../databases/aa/virus_primary_aa/sequenceDB, /home/grig0076/miniconda3/envs/hecatomb/snakemake/workflow/../../databases/aa/virus_primary_aa/sequenceDB.lookup, /home/grig0076/miniconda3/envs/hecatomb/snakemake/workflow/../../databases/contaminants/truseq.fa, /home/grig0076/miniconda3/envs/hecatomb/snakemake/workflow/../../databases/nt/virus_primary_nt/sequenceDB.source, /home/grig0076/miniconda3/envs/hecatomb/snakemake/workflow/../../databases/host/dog/masked_ref.fa.gz, /home/grig0076/miniconda3/envs/hecatomb/snakemake/workflow/../../databases/contaminants/primerB.fa, /home/grig0076/miniconda3/envs/hecatomb/snakemake/workflow/../../databases/aa/virus_primary_aa/sequenceDB_delnodes.dmp, /home/grig0076/miniconda3/envs/hecatomb/snakemake/workflow/../../databases/nt/virus_secondary_nt/sequenceDB_h.index, /home/grig0076/miniconda3/envs/hecatomb/snakemake/workflow/../../databases/nt/virus_primary_nt/sequenceDB.lookup, /home/grig0076/miniconda3/envs/hecatomb/snakemake/workflow/../../databases/nt/virus_secondary_nt/sequenceDB.source, /home/grig0076/miniconda3/envs/hecatomb/snakemake/workflow/../../databases/tax/taxonomy/names.dmp, /home/grig0076/miniconda3/envs/hecatomb/snakemake/workflow/../../databases/nt/virus_primary_nt/sequenceDB_h.index, /home/grig0076/miniconda3/envs/hecatomb/snakemake/workflow/../../databases/nt/virus_secondary_nt/sequenceDB.lookup, /home/grig0076/miniconda3/envs/hecatomb/snakemake/workflow/../../databases/aa/virus_secondary_aa/sequenceDB_nodes.dmp, /home/grig0076/miniconda3/envs/hecatomb/snakemake/workflow/../../databases/tables/phage_taxonomic_lineages_12102020.txt, /home/grig0076/miniconda3/envs/hecatomb/snakemake/workflow/../../databases/tax/taxonomy/delnodes.dmp, /home/grig0076/miniconda3/envs/hecatomb/snakemake/workflow/../../databases/host/celegans/masked_ref.fa.gz, /home/grig0076/miniconda3/envs/hecatomb/snakemake/workflow/../../databases/nt/virus_primary_nt/sequenceDB_h, /home/grig0076/miniconda3/envs/hecatomb/snakemake/workflow/../../databases/aa/virus_secondary_aa/sequenceDB_h.dbtype, /home/grig0076/miniconda3/envs/hecatomb/snakemake/workflow/../../databases/nt/virus_secondary_nt/sequenceDB_h.dbtype, /home/grig0076/miniconda3/envs/hecatomb/snakemake/workflow/../../databases/tax/taxonomy/citations.dmp, /home/grig0076/miniconda3/envs/hecatomb/snakemake/workflow/../../databases/aa/virus_secondary_aa/sequenceDB_h.index, /home/grig0076/miniconda3/envs/hecatomb/snakemake/workflow/../../databases/aa/virus_secondary_aa/sequenceDB.index, /home/grig0076/miniconda3/envs/hecatomb/snakemake/workflow/../../databases/aa/virus_secondary_aa/sequenceDB_h, /home/grig0076/miniconda3/envs/hecatomb/snakemake/workflow/../../databases/tax/taxonomy/gencode.dmp, /home/grig0076/miniconda3/envs/hecatomb/snakemake/workflow/../../databases/aa/virus_secondary_aa/sequenceDB.lookup, /home/grig0076/miniconda3/envs/hecatomb/snakemake/workflow/../../databases/contaminants/nebnext_adapters.fa, /home/grig0076/miniconda3/envs/hecatomb/snakemake/workflow/../../databases/nt/virus_secondary_nt/sequenceDB.index
    resources: tmpdir=/tmp

[Thu Jan 19 15:11:13 2023]
Finished job 0.
71 of 71 steps (100%) done
Complete log: .snakemake/log/2023-01-19T144729.672848.snakemake.log
