#
# There is insufficient memory for the Java Runtime Environment to continue.
# Native memory allocation (mmap) failed to map 264241152 bytes for G1 virtual space
# Possible reasons:
#   The system is out of physical RAM or swap space
#   The process is running with CompressedOops enabled, and the Java Heap may be blocking the growth of the native heap
# Possible solutions:
#   Reduce memory load on the system
#   Increase physical memory or swap space
#   Check if swap backing store is full
#   Decrease Java heap size (-Xmx/-Xms)
#   Decrease number of Java threads
#   Decrease Java thread stack sizes (-Xss)
#   Set larger code cache with -XX:ReservedCodeCacheSize=
#   JVM is running with Zero Based Compressed Oops mode in which the Java heap is
#     placed in the first 32GB address space. The Java Heap base address is the
#     maximum limit for the native heap growth. Please use -XX:HeapBaseMinAddress
#     to set the Java Heap base and to place the Java Heap above 32GB virtual address.
# This output file may be truncated or incomplete.
#
#  Out of Memory Error (os_windows.cpp:3760), pid=10040, tid=20872
#
# JRE version:  (17.0.5+1) (build )
# Java VM: OpenJDK 64-Bit Server VM (17.0.5+1-b653.14, mixed mode, sharing, tiered, compressed oops, compressed class ptrs, g1 gc, windows-amd64)
# No core dump will be written. Minidumps are not enabled by default on client versions of Windows
#

---------------  S U M M A R Y ------------

Command Line: git4idea.http.GitAskPassApp Username for 'https://github.com': 

Host: Intel(R) Core(TM) i5-10500 CPU @ 3.10GHz, 12 cores, 15G,  Windows 10 , 64 bit Build 19041 (10.0.19041.2364)
Time: Tue Apr 18 11:41:42 2023 Cen. Australia Standard Time elapsed time: 0.009123 seconds (0d 0h 0m 0s)

---------------  T H R E A D  ---------------

Current thread (0x000001c4e0fe09c0):  JavaThread "Unknown thread" [_thread_in_vm, id=20872, stack(0x000000abb6f00000,0x000000abb7000000)]

Stack: [0x000000abb6f00000,0x000000abb7000000]
Native frames: (J=compiled Java code, j=interpreted, Vv=VM code, C=native code)
V  [jvm.dll+0x6830ca]
V  [jvm.dll+0x83f4c4]
V  [jvm.dll+0x840c6e]
V  [jvm.dll+0x8412d3]
V  [jvm.dll+0x2490b5]
V  [jvm.dll+0x67ff99]
V  [jvm.dll+0x6744aa]
V  [jvm.dll+0x308f2b]
V  [jvm.dll+0x3103e6]
V  [jvm.dll+0x36013e]
V  [jvm.dll+0x36036f]
V  [jvm.dll+0x2df018]
V  [jvm.dll+0x2dff84]
V  [jvm.dll+0x810d91]
V  [jvm.dll+0x36df31]
V  [jvm.dll+0x7f028c]
V  [jvm.dll+0x3f0cbf]
V  [jvm.dll+0x3f2801]
C  [jli.dll+0x526b]
C  [ucrtbase.dll+0x21bb2]
C  [KERNEL32.DLL+0x17614]
C  [ntdll.dll+0x526a1]


---------------  P R O C E S S  ---------------

Threads class SMR info:
_java_thread_list=0x00007fff21988f98, length=0, elements={
}

Java Threads: ( => current thread )

Other Threads:
  0x000001c4e1047d40 GCTaskThread "GC Thread#0" [stack: 0x000000abb7000000,0x000000abb7100000] [id=1980]
  0x000001c4e1058760 ConcurrentGCThread "G1 Main Marker" [stack: 0x000000abb7100000,0x000000abb7200000] [id=8536]
  0x000001c4e1059bf0 ConcurrentGCThread "G1 Conc#0" [stack: 0x000000abb7200000,0x000000abb7300000] [id=21708]

[error occurred during error reporting (printing all threads), id 0xc0000005, EXCEPTION_ACCESS_VIOLATION (0xc0000005) at pc=0x00007fff2113fbd7]

VM state: not at safepoint (not fully initialized)

VM Mutex/Monitor currently owned by a thread:  ([mutex/lock_event])
[0x000001c4e0fdc680] Heap_lock - owner thread: 0x000001c4e0fe09c0

Heap address: 0x0000000704200000, size: 4030 MB, Compressed Oops mode: Zero based, Oop shift amount: 3

CDS archive(s) mapped at: [0x0000000000000000-0x0000000000000000-0x0000000000000000), size 0, SharedBaseAddress: 0x0000000800000000, ArchiveRelocationMode: 0.
Narrow klass base: 0x0000000000000000, Narrow klass shift: 0, Narrow klass range: 0x0

GC Precious Log:
<Empty>

Heap:
 garbage-first heap   total 0K, used 0K [0x0000000704200000, 0x0000000800000000)
  region size 2048K, 0 young (0K), 0 survivors (0K)

[error occurred during error reporting (printing heap information), id 0xc0000005, EXCEPTION_ACCESS_VIOLATION (0xc0000005) at pc=0x00007fff2152cd59]

GC Heap History (0 events):
No events

Dll operation events (1 events):
Event: 0.005 Loaded shared library C:\Program Files\JetBrains\PyCharm 2022.3\jbr\bin\java.dll

Deoptimization events (0 events):
No events

Classes unloaded (0 events):
No events

Classes redefined (0 events):
No events

Internal exceptions (0 events):
No events

VM Operations (0 events):
No events

Events (0 events):
No events


Dynamic libraries:
0x00007ff778980000 - 0x00007ff77898a000 	C:\Program Files\JetBrains\PyCharm 2022.3\jbr\bin\java.exe
0x00007fff77a70000 - 0x00007fff77c68000 	C:\WINDOWS\SYSTEM32\ntdll.dll
0x00007fff77620000 - 0x00007fff776df000 	C:\WINDOWS\System32\KERNEL32.DLL
0x00007fff75160000 - 0x00007fff75432000 	C:\WINDOWS\System32\KERNELBASE.dll
0x00007fff754f0000 - 0x00007fff755f0000 	C:\WINDOWS\System32\ucrtbase.dll
0x00007fff55760000 - 0x00007fff55777000 	C:\Program Files\JetBrains\PyCharm 2022.3\jbr\bin\jli.dll
0x00007fff552b0000 - 0x00007fff552cb000 	C:\Program Files\JetBrains\PyCharm 2022.3\jbr\bin\VCRUNTIME140.dll
0x00007fff769b0000 - 0x00007fff76b51000 	C:\WINDOWS\System32\USER32.dll
0x00007fff75770000 - 0x00007fff75792000 	C:\WINDOWS\System32\win32u.dll
0x00007fff771e0000 - 0x00007fff7720b000 	C:\WINDOWS\System32\GDI32.dll
0x00007fff755f0000 - 0x00007fff756ff000 	C:\WINDOWS\System32\gdi32full.dll
0x00007fff75980000 - 0x00007fff75a1d000 	C:\WINDOWS\System32\msvcp_win.dll
0x00007fff5d3d0000 - 0x00007fff5d66a000 	C:\WINDOWS\WinSxS\amd64_microsoft.windows.common-controls_6595b64144ccf1df_6.0.19041.1110_none_60b5254171f9507e\COMCTL32.dll
0x00007fff76ec0000 - 0x00007fff76f5e000 	C:\WINDOWS\System32\msvcrt.dll
0x00007fff773a0000 - 0x00007fff773d2000 	C:\WINDOWS\System32\IMM32.DLL
0x00007fff73cd0000 - 0x00007fff73e58000 	C:\Program Files\Avecto\Privilege Guard Client\PGHook.dll
0x00007fff776e0000 - 0x00007fff7778e000 	C:\WINDOWS\System32\ADVAPI32.dll
0x00007fff75f80000 - 0x00007fff7601c000 	C:\WINDOWS\System32\sechost.dll
0x00007fff76130000 - 0x00007fff76255000 	C:\WINDOWS\System32\RPCRT4.dll
0x00007fff74b20000 - 0x00007fff74b38000 	C:\WINDOWS\SYSTEM32\CRYPTSP.dll
0x00007fff741d0000 - 0x00007fff74204000 	C:\WINDOWS\system32\rsaenh.dll
0x00007fff757f0000 - 0x00007fff75817000 	C:\WINDOWS\System32\bcrypt.dll
0x00007fff74b10000 - 0x00007fff74b1c000 	C:\WINDOWS\SYSTEM32\CRYPTBASE.dll
0x00007fff75a20000 - 0x00007fff75aa2000 	C:\WINDOWS\System32\bcryptPrimitives.dll
0x00007fff76260000 - 0x00007fff769a4000 	C:\WINDOWS\System32\shell32.dll
0x00007fff72840000 - 0x00007fff7284c000 	C:\Program Files\JetBrains\PyCharm 2022.3\jbr\bin\vcruntime140_1.dll
0x00007fff3f2c0000 - 0x00007fff3f34d000 	C:\Program Files\JetBrains\PyCharm 2022.3\jbr\bin\msvcp140.dll
0x00007fff20e50000 - 0x00007fff21abb000 	C:\Program Files\JetBrains\PyCharm 2022.3\jbr\bin\server\jvm.dll
0x00007fff6cef0000 - 0x00007fff6cf17000 	C:\WINDOWS\SYSTEM32\WINMM.dll
0x00007fff724b0000 - 0x00007fff724b9000 	C:\WINDOWS\SYSTEM32\WSOCK32.dll
0x00007fff6d3e0000 - 0x00007fff6d3ea000 	C:\WINDOWS\SYSTEM32\VERSION.dll
0x00007fff77210000 - 0x00007fff7727b000 	C:\WINDOWS\System32\WS2_32.dll
0x00007fff72dd0000 - 0x00007fff72de2000 	C:\WINDOWS\SYSTEM32\kernel.appcore.dll
0x00007fff723b0000 - 0x00007fff723ba000 	C:\Program Files\JetBrains\PyCharm 2022.3\jbr\bin\jimage.dll
0x00007fff62780000 - 0x00007fff62964000 	C:\WINDOWS\SYSTEM32\DBGHELP.DLL
0x00007fff609e0000 - 0x00007fff60a15000 	C:\WINDOWS\SYSTEM32\dbgcore.DLL
0x00007fff559b0000 - 0x00007fff559d5000 	C:\Program Files\JetBrains\PyCharm 2022.3\jbr\bin\java.dll

dbghelp: loaded successfully - version: 4.0.5 - missing functions: none
symbol engine: initialized successfully - sym options: 0x614 - pdb path: .;C:\Program Files\JetBrains\PyCharm 2022.3\jbr\bin;C:\WINDOWS\SYSTEM32;C:\WINDOWS\WinSxS\amd64_microsoft.windows.common-controls_6595b64144ccf1df_6.0.19041.1110_none_60b5254171f9507e;C:\Program Files\Avecto\Privilege Guard Client;C:\Program Files\JetBrains\PyCharm 2022.3\jbr\bin\server

VM Arguments:
java_command: git4idea.http.GitAskPassApp Username for 'https://github.com': 
java_class_path (initial): C:/Program Files/JetBrains/PyCharm 2022.3/plugins/vcs-git/lib/git4idea-rt.jar;C:/Program Files/JetBrains/PyCharm 2022.3/lib/externalProcess-rt.jar;C:/Program Files/JetBrains/PyCharm 2022.3/lib/app.jar;C:/Program Files/JetBrains/PyCharm 2022.3/lib/3rd-party-rt.jar
Launcher Type: SUN_STANDARD

[Global flags]
     intx CICompilerCount                          = 4                                         {product} {ergonomic}
     uint ConcGCThreads                            = 3                                         {product} {ergonomic}
     uint G1ConcRefinementThreads                  = 10                                        {product} {ergonomic}
   size_t G1HeapRegionSize                         = 2097152                                   {product} {ergonomic}
    uintx GCDrainStackTargetSize                   = 64                                        {product} {ergonomic}
   size_t InitialHeapSize                          = 264241152                                 {product} {ergonomic}
   size_t MarkStackSize                            = 4194304                                   {product} {ergonomic}
   size_t MaxHeapSize                              = 4225761280                                {product} {ergonomic}
   size_t MinHeapDeltaBytes                        = 2097152                                   {product} {ergonomic}
   size_t MinHeapSize                              = 8388608                                   {product} {ergonomic}
    uintx NonNMethodCodeHeapSize                   = 5839372                                {pd product} {ergonomic}
    uintx NonProfiledCodeHeapSize                  = 122909434                              {pd product} {ergonomic}
    uintx ProfiledCodeHeapSize                     = 122909434                              {pd product} {ergonomic}
    uintx ReservedCodeCacheSize                    = 251658240                              {pd product} {ergonomic}
     bool SegmentedCodeCache                       = true                                      {product} {ergonomic}
   size_t SoftMaxHeapSize                          = 4225761280                             {manageable} {ergonomic}
     bool UseCompressedClassPointers               = true                           {product lp64_product} {ergonomic}
     bool UseCompressedOops                        = true                           {product lp64_product} {ergonomic}
     bool UseG1GC                                  = true                                      {product} {ergonomic}
     bool UseLargePagesIndividualAllocation        = false                                  {pd product} {ergonomic}

Logging:
Log output configuration:
 #0: stdout all=warning uptime,level,tags
 #1: stderr all=off uptime,level,tags

Environment Variables:
PATH=C:/Users/grig0076/AppData/Local/Programs/Git/mingw64/libexec/git-core;C:/Users/grig0076/AppData/Local/Programs/Git/mingw64/libexec/git-core;C:\Users\grig0076\AppData\Local\Programs\Git\mingw64\bin;C:\Users\grig0076\AppData\Local\Programs\Git\usr\bin;U:\bin;C:\WINDOWS\system32;C:\WINDOWS;C:\WINDOWS\System32\Wbem;C:\WINDOWS\System32\WindowsPowerShell\v1.0\;C:\WINDOWS\System32\OpenSSH\;C:\Program Files (x86)\Sennheiser\SenncomSDK\;C:\Program Files\PuTTY\;C:\Users\grig0076\Anaconda3;C:\Users\grig0076\Anaconda3\Library\mingw-w64\bin;C:\Users\grig0076\Anaconda3\Library\usr\bin;C:\Users\grig0076\Anaconda3\Library\bin;C:\Users\grig0076\Anaconda3\Scripts;C:\Users\grig0076\AppData\Local\Programs\Python\Python310\Scripts\;C:\Users\grig0076\AppData\Local\Programs\Python\Python310\;C:\Users\grig0076\AppData\Local\Microsoft\WindowsApps;C:\Users\grig0076\AppData\Local\Programs\Git\cmd
USERNAME=grig0076
DISPLAY=:0.0
LC_ALL=en_US.UTF-8
TERM=cygwin
TMPDIR=C:\Users\grig0076\AppData\Local\Temp
OS=Windows_NT
PROCESSOR_IDENTIFIER=Intel64 Family 6 Model 165 Stepping 3, GenuineIntel
TMP=C:\Users\grig0076\AppData\Local\Temp
TEMP=C:\Users\grig0076\AppData\Local\Temp



---------------  S Y S T E M  ---------------

OS:
 Windows 10 , 64 bit Build 19041 (10.0.19041.2364)
OS uptime: 29 days 7:25 hours

CPU: total 12 (initial active 12) (6 cores per cpu, 2 threads per core) family 6 model 165 stepping 3 microcode 0xea, cx8, cmov, fxsr, ht, mmx, 3dnowpref, sse, sse2, sse3, ssse3, sse4.1, sse4.2, popcnt, lzcnt, tsc, tscinvbit, avx, avx2, aes, erms, clmul, bmi1, bmi2, adx, fma, vzeroupper, clflush, clflushopt

Memory: 4k page, system-wide physical 16116M (3581M free)
TotalPageFile size 65268M (AvailPageFile size 159M)
current process WorkingSet (physical memory assigned to process): 12M, peak: 12M
current process commit charge ("private bytes"): 65M, peak: 316M

vm_info: OpenJDK 64-Bit Server VM (17.0.5+1-b653.14) for windows-amd64 JRE (17.0.5+1-b653.14), built on 2022-11-10 by "builduser" with MS VC++ 16.10 / 16.11 (VS2019)

END.
